build/intermediates/manifest_merge_blame_file/debug/manifest-merger-blame-debug-report.txt
1<?xml version="1.0" encoding="utf-8"?>
2<!--
3    ~ Copyright 2022 The TensorFlow Authors. All Rights Reserved.
4    ~
5    ~ Licensed under the Apache License, Version 2.0 (the "License");
6    ~ you may not use this file except in compliance with the License.
7    ~ You may obtain a copy of the License at
8    ~
9    ~       http://www.apache.org/licenses/LICENSE-2.0
10    ~
11    ~ Unless required by applicable law or agreed to in writing, software
12    ~ distributed under the License is distributed on an "AS IS" BASIS,
13    ~ WITHOUT WARRANTIES OR CONDITIONS OF ANY KIND, either express or implied.
14    ~ See the License for the specific language governing permissions and
15    ~ limitations under the License.
16-->
17<manifest xmlns:android="http://schemas.android.com/apk/res/android"
18    xmlns:dist="http://schemas.android.com/apk/distribution"
19    package="org.tensorflow.lite.examples.objectdetection"
20    android:versionCode="1"
21    android:versionName="1.0.0" >
22
23    <uses-sdk
24        android:minSdkVersion="21"
24-->src\main\AndroidManifest.xml
25        android:targetSdkVersion="34" />
25-->src\main\AndroidManifest.xml
26
27    <!-- Enable instant app support -->
28    <dist:module dist:instant="true" />
28-->src\main\AndroidManifest.xml:24:5-40
28-->src\main\AndroidManifest.xml:24:18-37
29
30    <!-- Declare features -->
31    <uses-feature android:name="android.hardware.camera" />
31-->src\main\AndroidManifest.xml:27:5-60
31-->src\main\AndroidManifest.xml:27:19-57
32
33    <!-- Declare permissions -->
34    <uses-permission android:name="android.permission.CAMERA" />
34-->src\main\AndroidManifest.xml:30:5-65
34-->src\main\AndroidManifest.xml:30:22-62
35
36    <permission
36-->[androidx.core:core:1.10.0] AndroidManifest.xml:22:5-24:47
37        android:name="org.tensorflow.lite.examples.objectdetection.DYNAMIC_RECEIVER_NOT_EXPORTED_PERMISSION"
37-->[androidx.core:core:1.10.0] AndroidManifest.xml:23:9-81
38        android:protectionLevel="signature" />
38-->[androidx.core:core:1.10.0] AndroidManifest.xml:24:9-44
39
40    <uses-permission android:name="org.tensorflow.lite.examples.objectdetection.DYNAMIC_RECEIVER_NOT_EXPORTED_PERMISSION" />
40-->[androidx.core:core:1.10.0] AndroidManifest.xml:26:5-97
40-->[androidx.core:core:1.10.0] AndroidManifest.xml:26:22-94
41    <uses-permission android:name="android.permission.WRITE_EXTERNAL_STORAGE" />
42    <uses-permission android:name="android.permission.READ_PHONE_STATE" />
43    <uses-permission android:name="android.permission.READ_EXTERNAL_STORAGE" />
44
45    <application
45-->src\main\AndroidManifest.xml:32:5-62:19
46        android:allowBackup="true"
46-->src\main\AndroidManifest.xml:36:9-35
47        android:appComponentFactory="androidx.core.app.CoreComponentFactory"
47-->[androidx.core:core:1.10.0] AndroidManifest.xml:28:18-86
48        android:debuggable="true"
49        android:icon="@mipmap/ic_launcher"
49-->src\main\AndroidManifest.xml:33:9-43
50        android:label="@string/app_name"
50-->src\main\AndroidManifest.xml:35:9-41
51        android:roundIcon="@mipmap/ic_launcher_round"
51-->src\main\AndroidManifest.xml:34:9-54
52        android:taskAffinity=""
52-->src\main\AndroidManifest.xml:37:9-32
53        android:testOnly="true" >
54        <activity
54-->src\main\AndroidManifest.xml:40:9-60:20
55            android:name="org.tensorflow.lite.examples.objectdetection.MainActivity"
55-->src\main\AndroidManifest.xml:41:13-41
56            android:clearTaskOnLaunch="true"
56-->src\main\AndroidManifest.xml:42:13-45
57            android:configChanges="orientation|screenLayout|screenSize|smallestScreenSize"
57-->src\main\AndroidManifest.xml:48:13-91
58            android:exported="true"
58-->src\main\AndroidManifest.xml:44:13-36
59            android:icon="@mipmap/ic_launcher"
59-->src\main\AndroidManifest.xml:45:13-47
60            android:resizeableActivity="true"
60-->src\main\AndroidManifest.xml:47:13-46
61            android:rotationAnimation="seamless"
61-->src\main\AndroidManifest.xml:46:13-49
62            android:theme="@style/AppTheme" >
62-->src\main\AndroidManifest.xml:43:13-44
63
64            <!-- Main app intent filter -->
65            <intent-filter>
65-->src\main\AndroidManifest.xml:52:13-55:29
66                <action android:name="android.intent.action.MAIN" />
66-->src\main\AndroidManifest.xml:53:17-69
66-->src\main\AndroidManifest.xml:53:25-66
67
68                <category android:name="android.intent.category.LAUNCHER" />
68-->src\main\AndroidManifest.xml:54:17-77
68-->src\main\AndroidManifest.xml:54:27-74
69            </intent-filter>
70
71            <!-- Declare notch support -->
72            <meta-data
72-->src\main\AndroidManifest.xml:58:13-83
73                android:name="android.notch_support"
73-->src\main\AndroidManifest.xml:58:24-60
74                android:value="true" />
74-->src\main\AndroidManifest.xml:58:61-81
75        </activity>
76
77        <service
77-->[androidx.camera:camera-camera2:1.1.0] AndroidManifest.xml:26:9-35:19
78            android:name="androidx.camera.core.impl.MetadataHolderService"
78-->[androidx.camera:camera-camera2:1.1.0] AndroidManifest.xml:27:13-75
79            android:enabled="false"
79-->[androidx.camera:camera-camera2:1.1.0] AndroidManifest.xml:28:13-36
80            android:exported="false" >
80-->[androidx.camera:camera-camera2:1.1.0] AndroidManifest.xml:29:13-37
81            <meta-data
81-->[androidx.camera:camera-camera2:1.1.0] AndroidManifest.xml:32:13-34:89
82                android:name="androidx.camera.core.impl.MetadataHolderService.DEFAULT_CONFIG_PROVIDER"
82-->[androidx.camera:camera-camera2:1.1.0] AndroidManifest.xml:33:17-103
83                android:value="androidx.camera.camera2.Camera2Config$DefaultProvider" />
83-->[androidx.camera:camera-camera2:1.1.0] AndroidManifest.xml:34:17-86
84        </service>
85
86        <uses-library
86-->[androidx.window:window:1.0.0] AndroidManifest.xml:25:9-27:40
87            android:name="androidx.window.extensions"
87-->[androidx.window:window:1.0.0] AndroidManifest.xml:26:13-54
88            android:required="false" />
88-->[androidx.window:window:1.0.0] AndroidManifest.xml:27:13-37
89        <uses-library
89-->[androidx.window:window:1.0.0] AndroidManifest.xml:28:9-30:40
90            android:name="androidx.window.sidecar"
90-->[androidx.window:window:1.0.0] AndroidManifest.xml:29:13-51
91            android:required="false" />
91-->[androidx.window:window:1.0.0] AndroidManifest.xml:30:13-37
92
93        <provider
93-->[androidx.emoji2:emoji2:1.2.0] AndroidManifest.xml:24:9-32:20
94            android:name="androidx.startup.InitializationProvider"
94-->[androidx.emoji2:emoji2:1.2.0] AndroidManifest.xml:25:13-67
95            android:authorities="org.tensorflow.lite.examples.objectdetection.androidx-startup"
95-->[androidx.emoji2:emoji2:1.2.0] AndroidManifest.xml:26:13-68
96            android:exported="false" >
96-->[androidx.emoji2:emoji2:1.2.0] AndroidManifest.xml:27:13-37
97            <meta-data
97-->[androidx.emoji2:emoji2:1.2.0] AndroidManifest.xml:29:13-31:52
98                android:name="androidx.emoji2.text.EmojiCompatInitializer"
98-->[androidx.emoji2:emoji2:1.2.0] AndroidManifest.xml:30:17-75
99                android:value="androidx.startup" />
99-->[androidx.emoji2:emoji2:1.2.0] AndroidManifest.xml:31:17-49
100            <meta-data
100-->[androidx.lifecycle:lifecycle-process:2.4.1] AndroidManifest.xml:31:13-33:52
101                android:name="androidx.lifecycle.ProcessLifecycleInitializer"
101-->[androidx.lifecycle:lifecycle-process:2.4.1] AndroidManifest.xml:32:17-78
102                android:value="androidx.startup" />
102-->[androidx.lifecycle:lifecycle-process:2.4.1] AndroidManifest.xml:33:17-49
103        </provider>
104    </application>
105
106</manifest>